{
  "/Users/letmezep/Desktop/React RS Q2/REACT-2025-Q1/src/main.tsx": {
    "path": "/Users/letmezep/Desktop/React RS Q2/REACT-2025-Q1/src/main.tsx",
    "statementMap": {
      "0": {
        "start": { "line": 1, "column": 0 },
        "end": { "line": 1, "column": 35 }
      },
      "1": {
        "start": { "line": 2, "column": 0 },
        "end": { "line": 2, "column": 46 }
      },
      "2": {
        "start": { "line": 3, "column": 0 },
        "end": { "line": 3, "column": 24 }
      },
      "3": {
        "start": { "line": 4, "column": 0 },
        "end": { "line": 4, "column": 28 }
      },
      "4": {
        "start": { "line": 5, "column": 0 },
        "end": { "line": 5, "column": 62 }
      },
      "5": {
        "start": { "line": 6, "column": 0 },
        "end": { "line": 6, "column": 45 }
      },
      "6": {
        "start": { "line": 8, "column": 20 },
        "end": { "line": 8, "column": 51 }
      },
      "7": {
        "start": { "line": 10, "column": 0 },
        "end": { "line": 22, "column": 1 }
      },
      "8": {
        "start": { "line": 11, "column": 2 },
        "end": { "line": 19, "column": 4 }
      },
      "9": {
        "start": { "line": 21, "column": 2 },
        "end": { "line": 21, "column": 42 }
      }
    },
    "fnMap": {},
    "branchMap": {
      "0": {
        "loc": {
          "start": { "line": 10, "column": 0 },
          "end": { "line": 22, "column": 1 }
        },
        "type": "if",
        "locations": [
          {
            "start": { "line": 10, "column": 0 },
            "end": { "line": 22, "column": 1 }
          },
          {
            "start": { "line": 20, "column": 7 },
            "end": { "line": 22, "column": 1 }
          }
        ]
      }
    },
    "s": {
      "0": 0,
      "1": 0,
      "2": 0,
      "3": 0,
      "4": 0,
      "5": 0,
      "6": 0,
      "7": 0,
      "8": 0,
      "9": 0
    },
    "f": {},
    "b": { "0": [0, 0] }
  },
  "/Users/letmezep/Desktop/React RS Q2/REACT-2025-Q1/src/components/common/ErrorBoundary.tsx": {
    "path": "/Users/letmezep/Desktop/React RS Q2/REACT-2025-Q1/src/components/common/ErrorBoundary.tsx",
    "statementMap": {
      "0": {
        "start": { "line": 1, "column": 0 },
        "end": { "line": 1, "column": 45 }
      },
      "1": {
        "start": { "line": 5, "column": 2 },
        "end": { "line": 8, "column": 4 }
      },
      "2": {
        "start": { "line": 18, "column": 2 },
        "end": { "line": 20, "column": 4 }
      },
      "3": {
        "start": { "line": 19, "column": 4 },
        "end": { "line": 19, "column": 39 }
      },
      "4": {
        "start": { "line": 11, "column": 4 },
        "end": { "line": 11, "column": 43 }
      },
      "5": {
        "start": { "line": 15, "column": 4 },
        "end": { "line": 15, "column": 46 }
      },
      "6": {
        "start": { "line": 23, "column": 4 },
        "end": { "line": 34, "column": 5 }
      },
      "7": {
        "start": { "line": 24, "column": 6 },
        "end": { "line": 33, "column": 8 }
      },
      "8": {
        "start": { "line": 35, "column": 4 },
        "end": { "line": 35, "column": 31 }
      },
      "9": {
        "start": { "line": 39, "column": 0 },
        "end": { "line": 39, "column": 29 }
      }
    },
    "fnMap": {
      "0": {
        "name": "(anonymous_0)",
        "decl": {
          "start": { "line": 4, "column": 0 },
          "end": { "line": 4, "column": 6 }
        },
        "loc": {
          "start": { "line": 4, "column": 0 },
          "end": { "line": 37, "column": 1 }
        }
      },
      "1": {
        "name": "(anonymous_1)",
        "decl": {
          "start": { "line": 18, "column": 15 },
          "end": { "line": 18, "column": 18 }
        },
        "loc": {
          "start": { "line": 18, "column": 20 },
          "end": { "line": 20, "column": 3 }
        }
      },
      "2": {
        "name": "(anonymous_2)",
        "decl": {
          "start": { "line": 10, "column": 2 },
          "end": { "line": 10, "column": 8 }
        },
        "loc": {
          "start": { "line": 10, "column": 33 },
          "end": { "line": 12, "column": 3 }
        }
      },
      "3": {
        "name": "(anonymous_3)",
        "decl": {
          "start": { "line": 14, "column": 2 },
          "end": { "line": 14, "column": 19 }
        },
        "loc": {
          "start": { "line": 14, "column": 54 },
          "end": { "line": 16, "column": 3 }
        }
      },
      "4": {
        "name": "(anonymous_4)",
        "decl": {
          "start": { "line": 22, "column": 2 },
          "end": { "line": 22, "column": 8 }
        },
        "loc": {
          "start": { "line": 22, "column": 8 },
          "end": { "line": 36, "column": 3 }
        }
      }
    },
    "branchMap": {
      "0": {
        "loc": {
          "start": { "line": 23, "column": 4 },
          "end": { "line": 34, "column": 5 }
        },
        "type": "if",
        "locations": [
          {
            "start": { "line": 23, "column": 4 },
            "end": { "line": 34, "column": 5 }
          }
        ]
      }
    },
    "s": {
      "0": 1,
      "1": 6,
      "2": 6,
      "3": 1,
      "4": 6,
      "5": 3,
      "6": 14,
      "7": 6,
      "8": 8,
      "9": 1
    },
    "f": { "0": 7, "1": 1, "2": 6, "3": 3, "4": 14 },
    "b": { "0": [6] }
  },
  "/Users/letmezep/Desktop/React RS Q2/REACT-2025-Q1/src/components/common/ErrorButton.tsx": {
    "path": "/Users/letmezep/Desktop/React RS Q2/REACT-2025-Q1/src/components/common/ErrorButton.tsx",
    "statementMap": {
      "0": {
        "start": { "line": 1, "column": 0 },
        "end": { "line": 1, "column": 42 }
      },
      "1": {
        "start": { "line": 2, "column": 0 },
        "end": { "line": 2, "column": 33 }
      },
      "2": {
        "start": { "line": 4, "column": 20 },
        "end": { "line": 16, "column": 1 }
      },
      "3": {
        "start": { "line": 5, "column": 38 },
        "end": { "line": 5, "column": 53 }
      },
      "4": {
        "start": { "line": 7, "column": 2 },
        "end": { "line": 9, "column": 3 }
      },
      "5": {
        "start": { "line": 8, "column": 4 },
        "end": { "line": 8, "column": 37 }
      },
      "6": {
        "start": { "line": 11, "column": 2 },
        "end": { "line": 15, "column": 4 }
      },
      "7": {
        "start": { "line": 12, "column": 47 },
        "end": { "line": 12, "column": 73 }
      },
      "8": {
        "start": { "line": 18, "column": 0 },
        "end": { "line": 18, "column": 27 }
      }
    },
    "fnMap": {
      "0": {
        "name": "(anonymous_1)",
        "decl": {
          "start": { "line": 4, "column": 20 },
          "end": { "line": 4, "column": 23 }
        },
        "loc": {
          "start": { "line": 4, "column": 25 },
          "end": { "line": 16, "column": 1 }
        }
      },
      "1": {
        "name": "(anonymous_2)",
        "decl": {
          "start": { "line": 12, "column": 41 },
          "end": { "line": 12, "column": 44 }
        },
        "loc": {
          "start": { "line": 12, "column": 47 },
          "end": { "line": 12, "column": 73 }
        }
      }
    },
    "branchMap": {
      "0": {
        "loc": {
          "start": { "line": 7, "column": 2 },
          "end": { "line": 9, "column": 3 }
        },
        "type": "if",
        "locations": [
          {
            "start": { "line": 7, "column": 2 },
            "end": { "line": 9, "column": 3 }
          }
        ]
      }
    },
    "s": {
      "0": 1,
      "1": 1,
      "2": 1,
      "3": 7,
      "4": 7,
      "5": 0,
      "6": 7,
      "7": 0,
      "8": 1
    },
    "f": { "0": 7, "1": 0 },
    "b": { "0": [0] }
  },
  "/Users/letmezep/Desktop/React RS Q2/REACT-2025-Q1/src/components/layout/Details.tsx": {
    "path": "/Users/letmezep/Desktop/React RS Q2/REACT-2025-Q1/src/components/layout/Details.tsx",
    "statementMap": {
      "0": {
        "start": { "line": 1, "column": 0 },
        "end": { "line": 1, "column": 44 }
      },
      "1": {
        "start": { "line": 2, "column": 0 },
        "end": { "line": 2, "column": 71 }
      },
      "2": {
        "start": { "line": 3, "column": 0 },
        "end": { "line": 3, "column": 67 }
      },
      "3": {
        "start": { "line": 4, "column": 0 },
        "end": { "line": 4, "column": 42 }
      },
      "4": {
        "start": { "line": 5, "column": 0 },
        "end": { "line": 5, "column": 42 }
      },
      "5": {
        "start": { "line": 8, "column": 0 },
        "end": { "line": 8, "column": 34 }
      },
      "6": {
        "start": { "line": 10, "column": 16 },
        "end": { "line": 70, "column": 1 }
      },
      "7": {
        "start": { "line": 11, "column": 19 },
        "end": { "line": 11, "column": 32 }
      },
      "8": {
        "start": { "line": 12, "column": 36 },
        "end": { "line": 12, "column": 68 }
      },
      "9": {
        "start": { "line": 13, "column": 17 },
        "end": { "line": 13, "column": 45 }
      },
      "10": {
        "start": { "line": 15, "column": 25 },
        "end": { "line": 15, "column": 42 }
      },
      "11": {
        "start": { "line": 16, "column": 15 },
        "end": { "line": 16, "column": 52 }
      },
      "12": {
        "start": { "line": 18, "column": 22 },
        "end": { "line": 20, "column": 3 }
      },
      "13": {
        "start": { "line": 19, "column": 4 },
        "end": { "line": 19, "column": 31 }
      },
      "14": {
        "start": { "line": 22, "column": 2 },
        "end": { "line": 38, "column": 11 }
      },
      "15": {
        "start": { "line": 23, "column": 4 },
        "end": { "line": 23, "column": 20 }
      },
      "16": {
        "start": { "line": 23, "column": 13 },
        "end": { "line": 23, "column": 20 }
      },
      "17": {
        "start": { "line": 26, "column": 6 },
        "end": { "line": 34, "column": 7 }
      },
      "18": {
        "start": { "line": 27, "column": 38 },
        "end": { "line": 27, "column": 62 }
      },
      "19": {
        "start": { "line": 28, "column": 8 },
        "end": { "line": 30, "column": 9 }
      },
      "20": {
        "start": { "line": 29, "column": 10 },
        "end": { "line": 29, "column": 17 }
      },
      "21": {
        "start": { "line": 31, "column": 8 },
        "end": { "line": 31, "column": 26 }
      },
      "22": {
        "start": { "line": 33, "column": 8 },
        "end": { "line": 33, "column": 27 }
      },
      "23": {
        "start": { "line": 37, "column": 4 },
        "end": { "line": 37, "column": 19 }
      },
      "24": {
        "start": { "line": 40, "column": 2 },
        "end": { "line": 42, "column": 3 }
      },
      "25": {
        "start": { "line": 41, "column": 4 },
        "end": { "line": 41, "column": 29 }
      },
      "26": {
        "start": { "line": 44, "column": 2 },
        "end": { "line": 69, "column": 4 }
      },
      "27": {
        "start": { "line": 72, "column": 0 },
        "end": { "line": 72, "column": 23 }
      }
    },
    "fnMap": {
      "0": {
        "name": "(anonymous_8)",
        "decl": {
          "start": { "line": 10, "column": 16 },
          "end": { "line": 10, "column": 19 }
        },
        "loc": {
          "start": { "line": 10, "column": 21 },
          "end": { "line": 70, "column": 1 }
        }
      },
      "1": {
        "name": "(anonymous_9)",
        "decl": {
          "start": { "line": 18, "column": 22 },
          "end": { "line": 18, "column": 25 }
        },
        "loc": {
          "start": { "line": 18, "column": 27 },
          "end": { "line": 20, "column": 3 }
        }
      },
      "2": {
        "name": "(anonymous_10)",
        "decl": {
          "start": { "line": 22, "column": 12 },
          "end": { "line": 22, "column": 15 }
        },
        "loc": {
          "start": { "line": 22, "column": 17 },
          "end": { "line": 38, "column": 3 }
        }
      },
      "3": {
        "name": "getDetails",
        "decl": {
          "start": { "line": 25, "column": 19 },
          "end": { "line": 25, "column": 29 }
        },
        "loc": {
          "start": { "line": 25, "column": 40 },
          "end": { "line": 35, "column": null }
        }
      }
    },
    "branchMap": {
      "0": {
        "loc": {
          "start": { "line": 16, "column": 15 },
          "end": { "line": 16, "column": 52 }
        },
        "type": "binary-expr",
        "locations": [
          {
            "start": { "line": 16, "column": 15 },
            "end": { "line": 16, "column": 47 }
          },
          {
            "start": { "line": 16, "column": 51 },
            "end": { "line": 16, "column": 52 }
          }
        ]
      },
      "1": {
        "loc": {
          "start": { "line": 23, "column": 4 },
          "end": { "line": 23, "column": 20 }
        },
        "type": "if",
        "locations": [
          {
            "start": { "line": 23, "column": 4 },
            "end": { "line": 23, "column": 20 }
          }
        ]
      },
      "2": {
        "loc": {
          "start": { "line": 28, "column": 8 },
          "end": { "line": 30, "column": 9 }
        },
        "type": "if",
        "locations": [
          {
            "start": { "line": 28, "column": 8 },
            "end": { "line": 30, "column": 9 }
          }
        ]
      },
      "3": {
        "loc": {
          "start": { "line": 40, "column": 2 },
          "end": { "line": 42, "column": 3 }
        },
        "type": "if",
        "locations": [
          {
            "start": { "line": 40, "column": 2 },
            "end": { "line": 42, "column": 3 }
          }
        ]
      },
      "4": {
        "loc": {
          "start": { "line": 51, "column": 39 },
          "end": { "line": 51, "column": 54 }
        },
        "type": "cond-expr",
        "locations": [
          {
            "start": { "line": 51, "column": 48 },
            "end": { "line": 51, "column": 50 }
          },
          {
            "start": { "line": 51, "column": 39 },
            "end": { "line": 51, "column": 54 }
          }
        ]
      },
      "5": {
        "loc": {
          "start": { "line": 51, "column": 39 },
          "end": { "line": 51, "column": 50 }
        },
        "type": "binary-expr",
        "locations": [
          {
            "start": { "line": 51, "column": 39 },
            "end": { "line": 51, "column": 50 }
          },
          {
            "start": { "line": 51, "column": 39 },
            "end": { "line": 51, "column": 50 }
          }
        ]
      },
      "6": {
        "loc": {
          "start": { "line": 59, "column": 50 },
          "end": { "line": 59, "column": 67 }
        },
        "type": "cond-expr",
        "locations": [
          {
            "start": { "line": 59, "column": 59 },
            "end": { "line": 59, "column": 61 }
          },
          {
            "start": { "line": 59, "column": 50 },
            "end": { "line": 59, "column": 67 }
          }
        ]
      },
      "7": {
        "loc": {
          "start": { "line": 59, "column": 50 },
          "end": { "line": 59, "column": 61 }
        },
        "type": "binary-expr",
        "locations": [
          {
            "start": { "line": 59, "column": 50 },
            "end": { "line": 59, "column": 61 }
          },
          {
            "start": { "line": 59, "column": 50 },
            "end": { "line": 59, "column": 61 }
          }
        ]
      },
      "8": {
        "loc": {
          "start": { "line": 60, "column": 46 },
          "end": { "line": 60, "column": 61 }
        },
        "type": "cond-expr",
        "locations": [
          {
            "start": { "line": 60, "column": 55 },
            "end": { "line": 60, "column": 57 }
          },
          {
            "start": { "line": 60, "column": 46 },
            "end": { "line": 60, "column": 61 }
          }
        ]
      },
      "9": {
        "loc": {
          "start": { "line": 60, "column": 46 },
          "end": { "line": 60, "column": 57 }
        },
        "type": "binary-expr",
        "locations": [
          {
            "start": { "line": 60, "column": 46 },
            "end": { "line": 60, "column": 57 }
          },
          {
            "start": { "line": 60, "column": 46 },
            "end": { "line": 60, "column": 57 }
          }
        ]
      },
      "10": {
        "loc": {
          "start": { "line": 62, "column": 23 },
          "end": { "line": 62, "column": 44 }
        },
        "type": "cond-expr",
        "locations": [
          {
            "start": { "line": 62, "column": 32 },
            "end": { "line": 62, "column": 34 }
          },
          {
            "start": { "line": 62, "column": 23 },
            "end": { "line": 62, "column": 44 }
          }
        ]
      },
      "11": {
        "loc": {
          "start": { "line": 62, "column": 23 },
          "end": { "line": 62, "column": 34 }
        },
        "type": "binary-expr",
        "locations": [
          {
            "start": { "line": 62, "column": 23 },
            "end": { "line": 62, "column": 34 }
          },
          {
            "start": { "line": 62, "column": 23 },
            "end": { "line": 62, "column": 34 }
          }
        ]
      },
      "12": {
        "loc": {
          "start": { "line": 65, "column": 23 },
          "end": { "line": 65, "column": 44 }
        },
        "type": "cond-expr",
        "locations": [
          {
            "start": { "line": 65, "column": 32 },
            "end": { "line": 65, "column": 34 }
          },
          {
            "start": { "line": 65, "column": 23 },
            "end": { "line": 65, "column": 44 }
          }
        ]
      },
      "13": {
        "loc": {
          "start": { "line": 65, "column": 23 },
          "end": { "line": 65, "column": 34 }
        },
        "type": "binary-expr",
        "locations": [
          {
            "start": { "line": 65, "column": 23 },
            "end": { "line": 65, "column": 34 }
          },
          {
            "start": { "line": 65, "column": 23 },
            "end": { "line": 65, "column": 34 }
          }
        ]
      }
    },
    "s": {
      "0": 1,
      "1": 1,
      "2": 1,
      "3": 1,
      "4": 1,
      "5": 1,
      "6": 1,
      "7": 5,
      "8": 5,
      "9": 5,
      "10": 5,
      "11": 5,
      "12": 5,
      "13": 1,
      "14": 5,
      "15": 3,
      "16": 0,
      "17": 3,
      "18": 3,
      "19": 3,
      "20": 1,
      "21": 2,
      "22": 0,
      "23": 3,
      "24": 5,
      "25": 3,
      "26": 2,
      "27": 1
    },
    "f": { "0": 5, "1": 1, "2": 3, "3": 3 },
    "b": {
      "0": [5, 3],
      "1": [0],
      "2": [1],
      "3": [3],
      "4": [0, 2],
      "5": [2, 2],
      "6": [0, 2],
      "7": [2, 2],
      "8": [0, 2],
      "9": [2, 2],
      "10": [0, 2],
      "11": [2, 2],
      "12": [0, 2],
      "13": [2, 2]
    }
  },
  "/Users/letmezep/Desktop/React RS Q2/REACT-2025-Q1/src/components/layout/Header.tsx": {
    "path": "/Users/letmezep/Desktop/React RS Q2/REACT-2025-Q1/src/components/layout/Header.tsx",
    "statementMap": {
      "0": {
        "start": { "line": 1, "column": 0 },
        "end": { "line": 1, "column": 45 }
      },
      "1": {
        "start": { "line": 4, "column": 0 },
        "end": { "line": 4, "column": 37 }
      },
      "2": {
        "start": { "line": 5, "column": 0 },
        "end": { "line": 5, "column": 36 }
      },
      "3": {
        "start": { "line": 7, "column": 38 },
        "end": { "line": 13, "column": 1 }
      },
      "4": {
        "start": { "line": 8, "column": 2 },
        "end": { "line": 12, "column": 4 }
      },
      "5": {
        "start": { "line": 15, "column": 0 },
        "end": { "line": 15, "column": 22 }
      }
    },
    "fnMap": {
      "0": {
        "name": "(anonymous_1)",
        "decl": {
          "start": { "line": 7, "column": 38 },
          "end": { "line": 7, "column": 39 }
        },
        "loc": {
          "start": { "line": 7, "column": 61 },
          "end": { "line": 13, "column": 1 }
        }
      }
    },
    "branchMap": {},
    "s": { "0": 0, "1": 0, "2": 0, "3": 0, "4": 0, "5": 0 },
    "f": { "0": 0 },
    "b": {}
  },
  "/Users/letmezep/Desktop/React RS Q2/REACT-2025-Q1/src/components/ui/BaseButton.tsx": {
    "path": "/Users/letmezep/Desktop/React RS Q2/REACT-2025-Q1/src/components/ui/BaseButton.tsx",
    "statementMap": {
      "0": {
        "start": { "line": 4, "column": 40 },
        "end": { "line": 17, "column": 1 }
      },
      "1": {
        "start": { "line": 7, "column": 10 },
        "end": { "line": 7, "column": null }
      },
      "2": {
        "start": { "line": 8, "column": 10 },
        "end": { "line": 9, "column": 3 }
      },
      "3": {
        "start": { "line": 10, "column": 22 },
        "end": { "line": 10, "column": 57 }
      },
      "4": {
        "start": { "line": 12, "column": 2 },
        "end": { "line": 16, "column": 4 }
      },
      "5": {
        "start": { "line": 19, "column": 0 },
        "end": { "line": 19, "column": 26 }
      }
    },
    "fnMap": {
      "0": {
        "name": "(anonymous_1)",
        "decl": {
          "start": { "line": 4, "column": 40 },
          "end": { "line": 4, "column": 41 }
        },
        "loc": {
          "start": { "line": 9, "column": 5 },
          "end": { "line": 17, "column": 1 }
        }
      }
    },
    "branchMap": {
      "0": {
        "loc": {
          "start": { "line": 5, "column": 2 },
          "end": { "line": 5, "column": 21 }
        },
        "type": "default-arg",
        "locations": [
          {
            "start": { "line": 5, "column": 12 },
            "end": { "line": 5, "column": 21 }
          }
        ]
      },
      "1": {
        "loc": {
          "start": { "line": 10, "column": 40 },
          "end": { "line": 10, "column": 55 }
        },
        "type": "binary-expr",
        "locations": [
          {
            "start": { "line": 10, "column": 40 },
            "end": { "line": 10, "column": 49 }
          },
          {
            "start": { "line": 10, "column": 53 },
            "end": { "line": 10, "column": 55 }
          }
        ]
      }
    },
    "s": { "0": 3, "1": 26, "2": 26, "3": 26, "4": 26, "5": 3 },
    "f": { "0": 26 },
    "b": { "0": [12], "1": [26, 17] }
  },
  "/Users/letmezep/Desktop/React RS Q2/REACT-2025-Q1/src/components/ui/BaseInput.tsx": {
    "path": "/Users/letmezep/Desktop/React RS Q2/REACT-2025-Q1/src/components/ui/BaseInput.tsx",
    "statementMap": {
      "0": {
        "start": { "line": 4, "column": 38 },
        "end": { "line": 17, "column": 1 }
      },
      "1": {
        "start": { "line": 7, "column": 10 },
        "end": { "line": 7, "column": null }
      },
      "2": {
        "start": { "line": 8, "column": 10 },
        "end": { "line": 9, "column": 3 }
      },
      "3": {
        "start": { "line": 10, "column": 22 },
        "end": { "line": 10, "column": 57 }
      },
      "4": {
        "start": { "line": 12, "column": 2 },
        "end": { "line": 16, "column": 4 }
      },
      "5": {
        "start": { "line": 19, "column": 0 },
        "end": { "line": 19, "column": 25 }
      }
    },
    "fnMap": {
      "0": {
        "name": "(anonymous_1)",
        "decl": {
          "start": { "line": 4, "column": 38 },
          "end": { "line": 4, "column": 39 }
        },
        "loc": {
          "start": { "line": 9, "column": 5 },
          "end": { "line": 17, "column": 1 }
        }
      }
    },
    "branchMap": {
      "0": {
        "loc": {
          "start": { "line": 5, "column": 2 },
          "end": { "line": 5, "column": 21 }
        },
        "type": "default-arg",
        "locations": [
          {
            "start": { "line": 5, "column": 12 },
            "end": { "line": 5, "column": 21 }
          }
        ]
      },
      "1": {
        "loc": {
          "start": { "line": 10, "column": 40 },
          "end": { "line": 10, "column": 55 }
        },
        "type": "binary-expr",
        "locations": [
          {
            "start": { "line": 10, "column": 40 },
            "end": { "line": 10, "column": 49 }
          },
          {
            "start": { "line": 10, "column": 53 },
            "end": { "line": 10, "column": 55 }
          }
        ]
      }
    },
    "s": { "0": 1, "1": 7, "2": 7, "3": 7, "4": 7, "5": 1 },
    "f": { "0": 7 },
    "b": { "0": [7], "1": [7, 0] }
  },
  "/Users/letmezep/Desktop/React RS Q2/REACT-2025-Q1/src/components/ui/Loader.tsx": {
    "path": "/Users/letmezep/Desktop/React RS Q2/REACT-2025-Q1/src/components/ui/Loader.tsx",
    "statementMap": {
      "0": {
        "start": { "line": 3, "column": 25 },
        "end": { "line": 14, "column": 1 }
      },
      "1": {
        "start": { "line": 4, "column": 2 },
        "end": { "line": 13, "column": 4 }
      },
      "2": {
        "start": { "line": 16, "column": 0 },
        "end": { "line": 16, "column": 22 }
      }
    },
    "fnMap": {
      "0": {
        "name": "(anonymous_0)",
        "decl": {
          "start": { "line": 3, "column": 25 },
          "end": { "line": 3, "column": 28 }
        },
        "loc": {
          "start": { "line": 3, "column": 30 },
          "end": { "line": 14, "column": 1 }
        }
      }
    },
    "branchMap": {},
    "s": { "0": 1, "1": 4, "2": 1 },
    "f": { "0": 4 },
    "b": {}
  },
  "/Users/letmezep/Desktop/React RS Q2/REACT-2025-Q1/src/components/widgets/Card.tsx": {
    "path": "/Users/letmezep/Desktop/React RS Q2/REACT-2025-Q1/src/components/widgets/Card.tsx",
    "statementMap": {
      "0": {
        "start": { "line": 2, "column": 0 },
        "end": { "line": 2, "column": 60 }
      },
      "1": {
        "start": { "line": 5, "column": 0 },
        "end": { "line": 5, "column": 36 }
      },
      "2": {
        "start": { "line": 6, "column": 0 },
        "end": { "line": 6, "column": 36 }
      },
      "3": {
        "start": { "line": 8, "column": 34 },
        "end": { "line": 24, "column": 1 }
      },
      "4": {
        "start": { "line": 9, "column": 17 },
        "end": { "line": 9, "column": 58 }
      },
      "5": {
        "start": { "line": 10, "column": 19 },
        "end": { "line": 10, "column": 32 }
      },
      "6": {
        "start": { "line": 11, "column": 25 },
        "end": { "line": 11, "column": 42 }
      },
      "7": {
        "start": { "line": 13, "column": 22 },
        "end": { "line": 15, "column": 3 }
      },
      "8": {
        "start": { "line": 14, "column": 4 },
        "end": { "line": 14, "column": 73 }
      },
      "9": {
        "start": { "line": 17, "column": 2 },
        "end": { "line": 23, "column": 4 }
      },
      "10": {
        "start": { "line": 26, "column": 0 },
        "end": { "line": 26, "column": 20 }
      }
    },
    "fnMap": {
      "0": {
        "name": "(anonymous_0)",
        "decl": {
          "start": { "line": 8, "column": 34 },
          "end": { "line": 8, "column": 35 }
        },
        "loc": {
          "start": { "line": 8, "column": 58 },
          "end": { "line": 24, "column": 1 }
        }
      },
      "1": {
        "name": "(anonymous_1)",
        "decl": {
          "start": { "line": 13, "column": 22 },
          "end": { "line": 13, "column": 25 }
        },
        "loc": {
          "start": { "line": 13, "column": 27 },
          "end": { "line": 15, "column": 3 }
        }
      }
    },
    "branchMap": {
      "0": {
        "loc": {
          "start": { "line": 14, "column": 40 },
          "end": { "line": 14, "column": 69 }
        },
        "type": "binary-expr",
        "locations": [
          {
            "start": { "line": 14, "column": 40 },
            "end": { "line": 14, "column": 64 }
          },
          {
            "start": { "line": 14, "column": 68 },
            "end": { "line": 14, "column": 69 }
          }
        ]
      }
    },
    "s": {
      "0": 2,
      "1": 2,
      "2": 2,
      "3": 2,
      "4": 17,
      "5": 17,
      "6": 17,
      "7": 17,
      "8": 1,
      "9": 17,
      "10": 2
    },
    "f": { "0": 17, "1": 1 },
    "b": { "0": [1, 1] }
  },
  "/Users/letmezep/Desktop/React RS Q2/REACT-2025-Q1/src/components/widgets/CardList.tsx": {
    "path": "/Users/letmezep/Desktop/React RS Q2/REACT-2025-Q1/src/components/widgets/CardList.tsx",
    "statementMap": {
      "0": {
        "start": { "line": 1, "column": 0 },
        "end": { "line": 1, "column": 51 }
      },
      "1": {
        "start": { "line": 2, "column": 0 },
        "end": { "line": 2, "column": 47 }
      },
      "2": {
        "start": { "line": 3, "column": 0 },
        "end": { "line": 3, "column": 26 }
      },
      "3": {
        "start": { "line": 4, "column": 0 },
        "end": { "line": 4, "column": 34 }
      },
      "4": {
        "start": { "line": 5, "column": 0 },
        "end": { "line": 5, "column": 42 }
      },
      "5": {
        "start": { "line": 6, "column": 0 },
        "end": { "line": 6, "column": 60 }
      },
      "6": {
        "start": { "line": 7, "column": 0 },
        "end": { "line": 7, "column": 57 }
      },
      "7": {
        "start": { "line": 9, "column": 0 },
        "end": { "line": 9, "column": 56 }
      },
      "8": {
        "start": { "line": 11, "column": 0 },
        "end": { "line": 11, "column": 36 }
      },
      "9": {
        "start": { "line": 12, "column": 0 },
        "end": { "line": 12, "column": 36 }
      },
      "10": {
        "start": { "line": 14, "column": 27 },
        "end": { "line": 105, "column": 1 }
      },
      "11": {
        "start": { "line": 15, "column": 32 },
        "end": { "line": 15, "column": 57 }
      },
      "12": {
        "start": { "line": 16, "column": 42 },
        "end": { "line": 16, "column": 67 }
      },
      "13": {
        "start": { "line": 17, "column": 32 },
        "end": { "line": 17, "column": 46 }
      },
      "14": {
        "start": { "line": 19, "column": 42 },
        "end": { "line": 19, "column": 59 }
      },
      "15": {
        "start": { "line": 20, "column": 21 },
        "end": { "line": 20, "column": 53 }
      },
      "16": {
        "start": { "line": 21, "column": 15 },
        "end": { "line": 21, "column": 52 }
      },
      "17": {
        "start": { "line": 23, "column": 2 },
        "end": { "line": 46, "column": 9 }
      },
      "18": {
        "start": { "line": 24, "column": 24 },
        "end": { "line": 43, "column": 6 }
      },
      "19": {
        "start": { "line": 24, "column": 35 },
        "end": { "line": 43, "column": 6 }
      },
      "20": {
        "start": { "line": 25, "column": 6 },
        "end": { "line": 25, "column": 23 }
      },
      "21": {
        "start": { "line": 26, "column": 33 },
        "end": { "line": 26, "column": 35 }
      },
      "22": {
        "start": { "line": 27, "column": 20 },
        "end": { "line": 27, "column": 21 }
      },
      "23": {
        "start": { "line": 28, "column": 21 },
        "end": { "line": 28, "column": 43 }
      },
      "24": {
        "start": { "line": 30, "column": 6 },
        "end": { "line": 42, "column": 7 }
      },
      "25": {
        "start": { "line": 31, "column": 8 },
        "end": { "line": 38, "column": 9 }
      },
      "26": {
        "start": { "line": 32, "column": 40 },
        "end": { "line": 32, "column": 65 }
      },
      "27": {
        "start": { "line": 33, "column": 10 },
        "end": { "line": 37, "column": 11 }
      },
      "28": {
        "start": { "line": 34, "column": 12 },
        "end": { "line": 34, "column": 56 }
      },
      "29": {
        "start": { "line": 35, "column": 12 },
        "end": { "line": 35, "column": 43 }
      },
      "30": {
        "start": { "line": 36, "column": 12 },
        "end": { "line": 36, "column": 22 }
      },
      "31": {
        "start": { "line": 39, "column": 8 },
        "end": { "line": 39, "column": 28 }
      },
      "32": {
        "start": { "line": 41, "column": 8 },
        "end": { "line": 41, "column": 26 }
      },
      "33": {
        "start": { "line": 45, "column": 4 },
        "end": { "line": 45, "column": 18 }
      },
      "34": {
        "start": { "line": 48, "column": 2 },
        "end": { "line": 63, "column": 28 }
      },
      "35": {
        "start": { "line": 49, "column": 4 },
        "end": { "line": 62, "column": 5 }
      },
      "36": {
        "start": { "line": 50, "column": 6 },
        "end": { "line": 59, "column": 8 }
      },
      "37": {
        "start": { "line": 61, "column": 6 },
        "end": { "line": 61, "column": 31 }
      },
      "38": {
        "start": { "line": 65, "column": 21 },
        "end": { "line": 65, "column": 66 }
      },
      "39": {
        "start": { "line": 66, "column": 24 },
        "end": { "line": 68, "column": null }
      },
      "40": {
        "start": { "line": 71, "column": 21 },
        "end": { "line": 73, "column": 3 }
      },
      "41": {
        "start": { "line": 72, "column": 4 },
        "end": { "line": 72, "column": 70 }
      },
      "42": {
        "start": { "line": 75, "column": 2 },
        "end": { "line": 75, "column": 33 }
      },
      "43": {
        "start": { "line": 75, "column": 15 },
        "end": { "line": 75, "column": 33 }
      },
      "44": {
        "start": { "line": 77, "column": 2 },
        "end": { "line": 104, "column": 4 }
      },
      "45": {
        "start": { "line": 82, "column": 12 },
        "end": { "line": 82, "column": 33 }
      },
      "46": {
        "start": { "line": 90, "column": 35 },
        "end": { "line": 90, "column": 55 }
      },
      "47": {
        "start": { "line": 97, "column": 25 },
        "end": { "line": 97, "column": 45 }
      },
      "48": {
        "start": { "line": 107, "column": 0 },
        "end": { "line": 107, "column": 24 }
      }
    },
    "fnMap": {
      "0": {
        "name": "(anonymous_8)",
        "decl": {
          "start": { "line": 14, "column": 27 },
          "end": { "line": 14, "column": 30 }
        },
        "loc": {
          "start": { "line": 14, "column": 32 },
          "end": { "line": 105, "column": 1 }
        }
      },
      "1": {
        "name": "(anonymous_9)",
        "decl": {
          "start": { "line": 23, "column": 12 },
          "end": { "line": 23, "column": 15 }
        },
        "loc": {
          "start": { "line": 23, "column": 17 },
          "end": { "line": 46, "column": 3 }
        }
      },
      "2": {
        "name": "(anonymous_10)",
        "decl": {
          "start": { "line": 24, "column": 24 },
          "end": { "line": 24, "column": 33 }
        },
        "loc": {
          "start": { "line": 24, "column": 35 },
          "end": { "line": 43, "column": 6 }
        }
      },
      "3": {
        "name": "(anonymous_11)",
        "decl": {
          "start": { "line": 24, "column": 35 },
          "end": { "line": 24, "column": null }
        },
        "loc": {
          "start": { "line": 24, "column": 35 },
          "end": { "line": 43, "column": 5 }
        }
      },
      "4": {
        "name": "(anonymous_12)",
        "decl": {
          "start": { "line": 48, "column": 12 },
          "end": { "line": 48, "column": 15 }
        },
        "loc": {
          "start": { "line": 48, "column": 17 },
          "end": { "line": 63, "column": 3 }
        }
      },
      "5": {
        "name": "(anonymous_13)",
        "decl": {
          "start": { "line": 71, "column": 21 },
          "end": { "line": 71, "column": 22 }
        },
        "loc": {
          "start": { "line": 71, "column": 41 },
          "end": { "line": 73, "column": 3 }
        }
      },
      "6": {
        "name": "(anonymous_14)",
        "decl": {
          "start": { "line": 81, "column": 28 },
          "end": { "line": 81, "column": 29 }
        },
        "loc": {
          "start": { "line": 82, "column": 12 },
          "end": { "line": 82, "column": 33 }
        }
      },
      "7": {
        "name": "(anonymous_15)",
        "decl": {
          "start": { "line": 90, "column": 29 },
          "end": { "line": 90, "column": 32 }
        },
        "loc": {
          "start": { "line": 90, "column": 35 },
          "end": { "line": 90, "column": 55 }
        }
      },
      "8": {
        "name": "(anonymous_16)",
        "decl": {
          "start": { "line": 97, "column": 19 },
          "end": { "line": 97, "column": 22 }
        },
        "loc": {
          "start": { "line": 97, "column": 25 },
          "end": { "line": 97, "column": 45 }
        }
      }
    },
    "branchMap": {
      "0": {
        "loc": {
          "start": { "line": 20, "column": 21 },
          "end": { "line": 20, "column": 53 }
        },
        "type": "binary-expr",
        "locations": [
          {
            "start": { "line": 20, "column": 21 },
            "end": { "line": 20, "column": 47 }
          },
          {
            "start": { "line": 20, "column": 51 },
            "end": { "line": 20, "column": 53 }
          }
        ]
      },
      "1": {
        "loc": {
          "start": { "line": 21, "column": 15 },
          "end": { "line": 21, "column": 52 }
        },
        "type": "binary-expr",
        "locations": [
          {
            "start": { "line": 21, "column": 15 },
            "end": { "line": 21, "column": 47 }
          },
          {
            "start": { "line": 21, "column": 51 },
            "end": { "line": 21, "column": 52 }
          }
        ]
      },
      "2": {
        "loc": {
          "start": { "line": 33, "column": 10 },
          "end": { "line": 37, "column": 11 }
        },
        "type": "if",
        "locations": [
          {
            "start": { "line": 33, "column": 10 },
            "end": { "line": 37, "column": 11 }
          }
        ]
      },
      "3": {
        "loc": {
          "start": { "line": 35, "column": 23 },
          "end": { "line": 35, "column": 42 }
        },
        "type": "cond-expr",
        "locations": [
          {
            "start": { "line": 35, "column": 36 },
            "end": { "line": 35, "column": 40 }
          },
          {
            "start": { "line": 35, "column": 40 },
            "end": { "line": 35, "column": 42 }
          }
        ]
      },
      "4": {
        "loc": {
          "start": { "line": 35, "column": 23 },
          "end": { "line": 35, "column": 40 }
        },
        "type": "binary-expr",
        "locations": [
          {
            "start": { "line": 35, "column": 23 },
            "end": { "line": 35, "column": 40 }
          },
          {
            "start": { "line": 35, "column": 36 },
            "end": { "line": 35, "column": 40 }
          }
        ]
      },
      "5": {
        "loc": {
          "start": { "line": 49, "column": 4 },
          "end": { "line": 62, "column": 5 }
        },
        "type": "if",
        "locations": [
          {
            "start": { "line": 49, "column": 4 },
            "end": { "line": 62, "column": 5 }
          },
          {
            "start": { "line": 60, "column": 11 },
            "end": { "line": 62, "column": 5 }
          }
        ]
      },
      "6": {
        "loc": {
          "start": { "line": 75, "column": 2 },
          "end": { "line": 75, "column": 33 }
        },
        "type": "if",
        "locations": [
          {
            "start": { "line": 75, "column": 2 },
            "end": { "line": 75, "column": 33 }
          }
        ]
      },
      "7": {
        "loc": {
          "start": { "line": 80, "column": 9 },
          "end": { "line": 85, "column": null }
        },
        "type": "cond-expr",
        "locations": [
          {
            "start": { "line": 81, "column": 10 },
            "end": { "line": 83, "column": 12 }
          },
          {
            "start": { "line": 85, "column": 10 },
            "end": { "line": 85, "column": 36 }
          }
        ]
      }
    },
    "s": {
      "0": 1,
      "1": 1,
      "2": 1,
      "3": 1,
      "4": 1,
      "5": 1,
      "6": 1,
      "7": 1,
      "8": 1,
      "9": 1,
      "10": 1,
      "11": 9,
      "12": 9,
      "13": 9,
      "14": 9,
      "15": 9,
      "16": 9,
      "17": 9,
      "18": 2,
      "19": 2,
      "20": 2,
      "21": 2,
      "22": 2,
      "23": 2,
      "24": 2,
      "25": 2,
      "26": 2,
      "27": 2,
      "28": 2,
      "29": 2,
      "30": 2,
      "31": 2,
      "32": 2,
      "33": 2,
      "34": 9,
      "35": 4,
      "36": 0,
      "37": 4,
      "38": 9,
      "39": 9,
      "40": 9,
      "41": 1,
      "42": 9,
      "43": 4,
      "44": 5,
      "45": 15,
      "46": 0,
      "47": 1,
      "48": 1
    },
    "f": {
      "0": 9,
      "1": 2,
      "2": 2,
      "3": 2,
      "4": 4,
      "5": 1,
      "6": 15,
      "7": 0,
      "8": 1
    },
    "b": {
      "0": [9, 9],
      "1": [9, 8],
      "2": [2],
      "3": [0, 2],
      "4": [2, 0],
      "5": [0, 4],
      "6": [4],
      "7": [2, 3]
    }
  },
  "/Users/letmezep/Desktop/React RS Q2/REACT-2025-Q1/src/components/widgets/SearchBar.tsx": {
    "path": "/Users/letmezep/Desktop/React RS Q2/REACT-2025-Q1/src/components/widgets/SearchBar.tsx",
    "statementMap": {
      "0": {
        "start": { "line": 1, "column": 0 },
        "end": { "line": 1, "column": 51 }
      },
      "1": {
        "start": { "line": 2, "column": 0 },
        "end": { "line": 2, "column": 42 }
      },
      "2": {
        "start": { "line": 3, "column": 0 },
        "end": { "line": 3, "column": 40 }
      },
      "3": {
        "start": { "line": 4, "column": 0 },
        "end": { "line": 4, "column": 48 }
      },
      "4": {
        "start": { "line": 6, "column": 0 },
        "end": { "line": 6, "column": 47 }
      },
      "5": {
        "start": { "line": 7, "column": 0 },
        "end": { "line": 7, "column": 60 }
      },
      "6": {
        "start": { "line": 9, "column": 44 },
        "end": { "line": 44, "column": 1 }
      },
      "7": {
        "start": { "line": 10, "column": 40 },
        "end": { "line": 10, "column": 56 }
      },
      "8": {
        "start": { "line": 11, "column": 30 },
        "end": { "line": 11, "column": 47 }
      },
      "9": {
        "start": { "line": 12, "column": 38 },
        "end": { "line": 12, "column": 88 }
      },
      "10": {
        "start": { "line": 14, "column": 2 },
        "end": { "line": 17, "column": 19 }
      },
      "11": {
        "start": { "line": 15, "column": 4 },
        "end": { "line": 15, "column": 31 }
      },
      "12": {
        "start": { "line": 16, "column": 4 },
        "end": { "line": 16, "column": 55 }
      },
      "13": {
        "start": { "line": 19, "column": 28 },
        "end": { "line": 21, "column": 3 }
      },
      "14": {
        "start": { "line": 20, "column": 4 },
        "end": { "line": 20, "column": 38 }
      },
      "15": {
        "start": { "line": 23, "column": 28 },
        "end": { "line": 26, "column": 3 }
      },
      "16": {
        "start": { "line": 24, "column": 4 },
        "end": { "line": 24, "column": 30 }
      },
      "17": {
        "start": { "line": 25, "column": 4 },
        "end": { "line": 25, "column": 51 }
      },
      "18": {
        "start": { "line": 28, "column": 2 },
        "end": { "line": 43, "column": 4 }
      },
      "19": {
        "start": { "line": 46, "column": 0 },
        "end": { "line": 46, "column": 25 }
      }
    },
    "fnMap": {
      "0": {
        "name": "(anonymous_1)",
        "decl": {
          "start": { "line": 9, "column": 44 },
          "end": { "line": 9, "column": 45 }
        },
        "loc": {
          "start": { "line": 9, "column": 67 },
          "end": { "line": 44, "column": 1 }
        }
      },
      "1": {
        "name": "(anonymous_2)",
        "decl": {
          "start": { "line": 14, "column": 12 },
          "end": { "line": 14, "column": 15 }
        },
        "loc": {
          "start": { "line": 14, "column": 17 },
          "end": { "line": 17, "column": 3 }
        }
      },
      "2": {
        "name": "(anonymous_3)",
        "decl": {
          "start": { "line": 19, "column": 28 },
          "end": { "line": 19, "column": 29 }
        },
        "loc": {
          "start": { "line": 19, "column": 75 },
          "end": { "line": 21, "column": 3 }
        }
      },
      "3": {
        "name": "(anonymous_4)",
        "decl": {
          "start": { "line": 23, "column": 28 },
          "end": { "line": 23, "column": 31 }
        },
        "loc": {
          "start": { "line": 23, "column": 33 },
          "end": { "line": 26, "column": 3 }
        }
      }
    },
    "branchMap": {
      "0": {
        "loc": {
          "start": { "line": 12, "column": 47 },
          "end": { "line": 12, "column": 87 }
        },
        "type": "binary-expr",
        "locations": [
          {
            "start": { "line": 12, "column": 47 },
            "end": { "line": 12, "column": 81 }
          },
          {
            "start": { "line": 12, "column": 85 },
            "end": { "line": 12, "column": 87 }
          }
        ]
      }
    },
    "s": {
      "0": 1,
      "1": 1,
      "2": 1,
      "3": 1,
      "4": 1,
      "5": 1,
      "6": 1,
      "7": 7,
      "8": 7,
      "9": 7,
      "10": 7,
      "11": 3,
      "12": 3,
      "13": 7,
      "14": 1,
      "15": 7,
      "16": 1,
      "17": 1,
      "18": 7,
      "19": 1
    },
    "f": { "0": 7, "1": 3, "2": 1, "3": 1 },
    "b": { "0": [7, 5] }
  },
  "/Users/letmezep/Desktop/React RS Q2/REACT-2025-Q1/src/pages/MainPage.tsx": {
    "path": "/Users/letmezep/Desktop/React RS Q2/REACT-2025-Q1/src/pages/MainPage.tsx",
    "statementMap": {
      "0": {
        "start": { "line": 1, "column": 0 },
        "end": { "line": 1, "column": 38 }
      },
      "1": {
        "start": { "line": 2, "column": 0 },
        "end": { "line": 2, "column": 49 }
      },
      "2": {
        "start": { "line": 3, "column": 0 },
        "end": { "line": 3, "column": 54 }
      },
      "3": {
        "start": { "line": 4, "column": 0 },
        "end": { "line": 4, "column": 57 }
      },
      "4": {
        "start": { "line": 6, "column": 27 },
        "end": { "line": 28, "column": 1 }
      },
      "5": {
        "start": { "line": 7, "column": 40 },
        "end": { "line": 7, "column": 56 }
      },
      "6": {
        "start": { "line": 9, "column": 29 },
        "end": { "line": 12, "column": 3 }
      },
      "7": {
        "start": { "line": 10, "column": 4 },
        "end": { "line": 10, "column": 33 }
      },
      "8": {
        "start": { "line": 11, "column": 4 },
        "end": { "line": 11, "column": 51 }
      },
      "9": {
        "start": { "line": 14, "column": 2 },
        "end": { "line": 27, "column": 4 }
      },
      "10": {
        "start": { "line": 30, "column": 0 },
        "end": { "line": 30, "column": 24 }
      }
    },
    "fnMap": {
      "0": {
        "name": "(anonymous_1)",
        "decl": {
          "start": { "line": 6, "column": 27 },
          "end": { "line": 6, "column": 30 }
        },
        "loc": {
          "start": { "line": 6, "column": 32 },
          "end": { "line": 28, "column": 1 }
        }
      },
      "1": {
        "name": "(anonymous_2)",
        "decl": {
          "start": { "line": 9, "column": 29 },
          "end": { "line": 9, "column": 30 }
        },
        "loc": {
          "start": { "line": 9, "column": 55 },
          "end": { "line": 12, "column": 3 }
        }
      }
    },
    "branchMap": {},
    "s": {
      "0": 0,
      "1": 0,
      "2": 0,
      "3": 0,
      "4": 0,
      "5": 0,
      "6": 0,
      "7": 0,
      "8": 0,
      "9": 0,
      "10": 0
    },
    "f": { "0": 0, "1": 0 },
    "b": {}
  },
  "/Users/letmezep/Desktop/React RS Q2/REACT-2025-Q1/src/pages/NotFound.tsx": {
    "path": "/Users/letmezep/Desktop/React RS Q2/REACT-2025-Q1/src/pages/NotFound.tsx",
    "statementMap": {
      "0": {
        "start": { "line": 1, "column": 17 },
        "end": { "line": 8, "column": 1 }
      },
      "1": {
        "start": { "line": 2, "column": 2 },
        "end": { "line": 7, "column": 4 }
      },
      "2": {
        "start": { "line": 10, "column": 0 },
        "end": { "line": 10, "column": 24 }
      }
    },
    "fnMap": {
      "0": {
        "name": "(anonymous_0)",
        "decl": {
          "start": { "line": 1, "column": 17 },
          "end": { "line": 1, "column": 20 }
        },
        "loc": {
          "start": { "line": 1, "column": 22 },
          "end": { "line": 8, "column": 1 }
        }
      }
    },
    "branchMap": {},
    "s": { "0": 0, "1": 0, "2": 0 },
    "f": { "0": 0 },
    "b": {}
  }
}
