TN:
SF:src/main.tsx
FNF:0
FNH:0
DA:1,0
DA:2,0
DA:3,0
DA:4,0
DA:5,0
DA:6,0
DA:8,0
DA:10,0
DA:11,0
DA:21,0
LF:10
LH:0
BRDA:10,0,0,0
BRDA:10,0,1,0
BRF:2
BRH:0
end_of_record
TN:
SF:src/components/common/ErrorBoundary.tsx
FN:4,(anonymous_0)
FN:18,(anonymous_1)
FN:10,(anonymous_2)
FN:14,(anonymous_3)
FN:22,(anonymous_4)
FNF:5
FNH:5
FNDA:7,(anonymous_0)
FNDA:1,(anonymous_1)
FNDA:6,(anonymous_2)
FNDA:3,(anonymous_3)
FNDA:14,(anonymous_4)
DA:1,1
DA:5,6
DA:11,6
DA:15,3
DA:18,6
DA:19,1
DA:23,14
DA:24,6
DA:35,8
DA:39,1
LF:10
LH:10
BRDA:23,0,0,6
BRF:1
BRH:1
end_of_record
TN:
SF:src/components/common/ErrorButton.tsx
FN:4,(anonymous_1)
FN:12,(anonymous_2)
FNF:2
FNH:1
FNDA:7,(anonymous_1)
FNDA:0,(anonymous_2)
DA:1,1
DA:2,1
DA:4,1
DA:5,7
DA:7,7
DA:8,0
DA:11,7
DA:12,0
DA:18,1
LF:9
LH:7
BRDA:7,0,0,0
BRF:1
BRH:0
end_of_record
TN:
SF:src/components/layout/Details.tsx
FN:10,(anonymous_8)
FN:18,(anonymous_9)
FN:22,(anonymous_10)
FN:25,getDetails
FNF:4
FNH:4
FNDA:5,(anonymous_8)
FNDA:1,(anonymous_9)
FNDA:3,(anonymous_10)
FNDA:3,getDetails
DA:1,1
DA:2,1
DA:3,1
DA:4,1
DA:5,1
DA:8,1
DA:10,1
DA:11,5
DA:12,5
DA:13,5
DA:15,5
DA:16,5
DA:18,5
DA:19,1
DA:22,5
DA:23,3
DA:26,3
DA:27,3
DA:28,3
DA:29,1
DA:31,2
DA:33,0
DA:37,3
DA:40,5
DA:41,3
DA:44,2
DA:72,1
LF:27
LH:26
BRDA:16,0,0,5
BRDA:16,0,1,3
BRDA:23,1,0,0
BRDA:28,2,0,1
BRDA:40,3,0,3
BRDA:51,4,0,0
BRDA:51,4,1,2
BRDA:51,5,0,2
BRDA:51,5,1,2
BRDA:59,6,0,0
BRDA:59,6,1,2
BRDA:59,7,0,2
BRDA:59,7,1,2
BRDA:60,8,0,0
BRDA:60,8,1,2
BRDA:60,9,0,2
BRDA:60,9,1,2
BRDA:62,10,0,0
BRDA:62,10,1,2
BRDA:62,11,0,2
BRDA:62,11,1,2
BRDA:65,12,0,0
BRDA:65,12,1,2
BRDA:65,13,0,2
BRDA:65,13,1,2
BRF:25
BRH:19
end_of_record
TN:
SF:src/components/layout/Header.tsx
FN:7,(anonymous_1)
FNF:1
FNH:0
FNDA:0,(anonymous_1)
DA:1,0
DA:4,0
DA:5,0
DA:7,0
DA:8,0
DA:15,0
LF:6
LH:0
BRF:0
BRH:0
end_of_record
TN:
SF:src/components/ui/BaseButton.tsx
FN:4,(anonymous_1)
FNF:1
FNH:1
FNDA:26,(anonymous_1)
DA:4,3
DA:7,26
DA:8,26
DA:10,26
DA:12,26
DA:19,3
LF:6
LH:6
BRDA:5,0,0,12
BRDA:10,1,0,26
BRDA:10,1,1,17
BRF:3
BRH:3
end_of_record
TN:
SF:src/components/ui/BaseInput.tsx
FN:4,(anonymous_1)
FNF:1
FNH:1
FNDA:7,(anonymous_1)
DA:4,1
DA:7,7
DA:8,7
DA:10,7
DA:12,7
DA:19,1
LF:6
LH:6
BRDA:5,0,0,7
BRDA:10,1,0,7
BRDA:10,1,1,0
BRF:3
BRH:2
end_of_record
TN:
SF:src/components/ui/Loader.tsx
FN:3,(anonymous_0)
FNF:1
FNH:1
FNDA:4,(anonymous_0)
DA:3,1
DA:4,4
DA:16,1
LF:3
LH:3
BRF:0
BRH:0
end_of_record
TN:
SF:src/components/widgets/Card.tsx
FN:8,(anonymous_0)
FN:13,(anonymous_1)
FNF:2
FNH:2
FNDA:17,(anonymous_0)
FNDA:1,(anonymous_1)
DA:2,2
DA:5,2
DA:6,2
DA:8,2
DA:9,17
DA:10,17
DA:11,17
DA:13,17
DA:14,1
DA:17,17
DA:26,2
LF:11
LH:11
BRDA:14,0,0,1
BRDA:14,0,1,1
BRF:2
BRH:2
end_of_record
TN:
SF:src/components/widgets/CardList.tsx
FN:14,(anonymous_8)
FN:23,(anonymous_9)
FN:24,(anonymous_10)
FN:24,(anonymous_11)
FN:48,(anonymous_12)
FN:71,(anonymous_13)
FN:81,(anonymous_14)
FN:90,(anonymous_15)
FN:97,(anonymous_16)
FNF:9
FNH:8
FNDA:9,(anonymous_8)
FNDA:2,(anonymous_9)
FNDA:2,(anonymous_10)
FNDA:2,(anonymous_11)
FNDA:4,(anonymous_12)
FNDA:1,(anonymous_13)
FNDA:15,(anonymous_14)
FNDA:0,(anonymous_15)
FNDA:1,(anonymous_16)
DA:1,1
DA:2,1
DA:3,1
DA:4,1
DA:5,1
DA:6,1
DA:7,1
DA:9,1
DA:11,1
DA:12,1
DA:14,1
DA:15,9
DA:16,9
DA:17,9
DA:19,9
DA:20,9
DA:21,9
DA:23,9
DA:24,2
DA:25,2
DA:26,2
DA:27,2
DA:28,2
DA:30,2
DA:31,2
DA:32,2
DA:33,2
DA:34,2
DA:35,2
DA:36,2
DA:39,2
DA:41,2
DA:45,2
DA:48,9
DA:49,4
DA:50,0
DA:61,4
DA:65,9
DA:66,9
DA:71,9
DA:72,1
DA:75,9
DA:77,5
DA:82,15
DA:90,0
DA:97,1
DA:107,1
LF:47
LH:45
BRDA:20,0,0,9
BRDA:20,0,1,9
BRDA:21,1,0,9
BRDA:21,1,1,8
BRDA:33,2,0,2
BRDA:35,3,0,0
BRDA:35,3,1,2
BRDA:35,4,0,2
BRDA:35,4,1,0
BRDA:49,5,0,0
BRDA:49,5,1,4
BRDA:75,6,0,4
BRDA:80,7,0,2
BRDA:80,7,1,3
BRF:14
BRH:11
end_of_record
TN:
SF:src/components/widgets/SearchBar.tsx
FN:9,(anonymous_1)
FN:14,(anonymous_2)
FN:19,(anonymous_3)
FN:23,(anonymous_4)
FNF:4
FNH:4
FNDA:7,(anonymous_1)
FNDA:3,(anonymous_2)
FNDA:1,(anonymous_3)
FNDA:1,(anonymous_4)
DA:1,1
DA:2,1
DA:3,1
DA:4,1
DA:6,1
DA:7,1
DA:9,1
DA:10,7
DA:11,7
DA:12,7
DA:14,7
DA:15,3
DA:16,3
DA:19,7
DA:20,1
DA:23,7
DA:24,1
DA:25,1
DA:28,7
DA:46,1
LF:20
LH:20
BRDA:12,0,0,7
BRDA:12,0,1,5
BRF:2
BRH:2
end_of_record
TN:
SF:src/pages/MainPage.tsx
FN:6,(anonymous_1)
FN:9,(anonymous_2)
FNF:2
FNH:0
FNDA:0,(anonymous_1)
FNDA:0,(anonymous_2)
DA:1,0
DA:2,0
DA:3,0
DA:4,0
DA:6,0
DA:7,0
DA:9,0
DA:10,0
DA:11,0
DA:14,0
DA:30,0
LF:11
LH:0
BRF:0
BRH:0
end_of_record
TN:
SF:src/pages/NotFound.tsx
FN:1,(anonymous_0)
FNF:1
FNH:0
FNDA:0,(anonymous_0)
DA:1,0
DA:2,0
DA:10,0
LF:3
LH:0
BRF:0
BRH:0
end_of_record
